{
  "stats": {
    "suites": 1,
    "tests": 1,
    "passes": 0,
    "pending": 0,
    "failures": 1,
    "start": "2025-03-18T03:59:20.825Z",
    "end": "2025-03-18T03:59:35.184Z",
    "duration": 14359,
    "testsRegistered": 1,
    "passPercent": 0,
    "pendingPercent": 0,
    "other": 0,
    "hasOther": false,
    "skipped": 0,
    "hasSkipped": false
  },
  "results": [
    {
      "uuid": "6b761ac3-4262-44f7-b107-8a111ab9247f",
      "title": "",
      "fullFile": "cypress\\e2e\\bulkupload.cy.js",
      "file": "cypress\\e2e\\bulkupload.cy.js",
      "beforeHooks": [],
      "afterHooks": [],
      "tests": [],
      "suites": [
        {
          "uuid": "6e47c2b4-db4c-49a3-af31-8d61fdae218e",
          "title": "BulkUpload Test",
          "fullFile": "",
          "file": "",
          "beforeHooks": [],
          "afterHooks": [],
          "tests": [
            {
              "title": "Verify user can upload excel file successully",
              "fullTitle": "BulkUpload Test Verify user can upload excel file successully",
              "timedOut": null,
              "duration": 12085,
              "state": "failed",
              "speed": null,
              "pass": false,
              "fail": true,
              "pending": false,
              "context": "{\n  \"title\": \"cypress-mochawesome-reporter-screenshots\",\n  \"value\": [\n    [\n      \"\\\\bulkupload.cy.js\\\\BulkUpload Test -- Verify user can upload excel file successully (failed).png\"\n    ]\n  ]\n}",
              "code": "_bulkfolder.default.clickbulkuploadoption().click();\n//const filePath = 'test-files/singlepdf.pdf  '; \nconst expectedRoles = ['Select', 'Interns', 'Delivery Manager', 'QA architect', 'Performance Tester'];\n// UploadPage.validateRoleOptions(expectedRoles);\n_bulkfolder.default.validatebulkrole(expectedRoles);\nconst role = Cypress.env('role'); // Retrieve role correctly\nexpect(role, \"Role should be defined\").to.not.be.undefined;\nconst zipFilePath = 'bulkupload1.zip';\n// it('Validating the upload a file',()=>{\n//const fileName = path.basename(zipFilePath);\n// Upload the file\n_bulkfolder.default.bulkselectRole(role);\n_bulkfolder.default.bulkuploadFile(zipFilePath);\n_bulkfolder.default.verifybulkuploadSuccess();\n// Verify the upload success\n_excelupload.default.verifyExcelUploadSuccess();\n//verifying uploading same file again and verifying the already exists message\n//excelupload.uploadExcelFile(filePath);\n// excelupload.verifydublicateupload();\n// Read & Validate Excel Data\n_pdfupload.default.gotoresumemanagement().click();\n_bulkfolder.default.bulkresumepage().click();\n_bulkfolder.default.extractAndValidatePdfFiles(zipFilePath, role);\n//excelupload.resumemonthselect(month)\n//cy.task('parseExcel', { filePath: 'excelresume2.xlsx', sheetName: 'Sheet1' }).then((excelData) => {\n// excelupload.readingexcel(excelData);",
              "err": {
                "message": "AssertionError: Timed out retrying after 5000ms: expected '[ <div.alert.alert-danger.add_flash_message>, 1 more... ]' to contain text 'Resume(s) uploaded successfully!', but the text was '\\n              Resume already exists!\\n            \\n              Resume already exists!\\n            '",
                "estack": "AssertionError: Timed out retrying after 5000ms: expected '[ <div.alert.alert-danger.add_flash_message>, 1 more... ]' to contain text 'Resume(s) uploaded successfully!', but the text was '\\n              Resume already exists!\\n            \\n              Resume already exists!\\n            '\n    at BulkUpload.verifybulkuploadSuccess (webpack://cypressautomation/./cypress/support/PageObjectModel/bulkfolder.js:38:3)\n    at Context.eval (webpack://cypressautomation/./cypress/e2e/bulkupload.cy.js:62:13)",
                "diff": "- '\\n              Resume already exists!\\n            \\n              Resume already exists!\\n            '\n+ 'Resume(s) uploaded successfully!'\n"
              },
              "uuid": "1f052be1-e130-480f-a4df-5711c2febacd",
              "parentUUID": "6e47c2b4-db4c-49a3-af31-8d61fdae218e",
              "isHook": false,
              "skipped": false
            }
          ],
          "suites": [],
          "passes": [],
          "failures": [
            "1f052be1-e130-480f-a4df-5711c2febacd"
          ],
          "pending": [],
          "skipped": [],
          "duration": 12085,
          "root": false,
          "rootEmpty": false,
          "_timeout": 2000
        }
      ],
      "passes": [],
      "failures": [],
      "pending": [],
      "skipped": [],
      "duration": 0,
      "root": true,
      "rootEmpty": true,
      "_timeout": 2000
    }
  ],
  "meta": {
    "mocha": {
      "version": "7.0.1"
    },
    "mochawesome": {
      "options": {
        "quiet": false,
        "reportFilename": "mochawesome",
        "saveHtml": true,
        "saveJson": true,
        "consoleReporter": "spec",
        "useInlineDiffs": false,
        "code": true
      },
      "version": "7.1.3"
    },
    "marge": {
      "options": {
        "reportDir": "cypress/report",
        "overwrite": false,
        "html": true,
        "json": true,
        "timestamp": "yyyy-mm-dd_HH-MM-ss"
      },
      "version": "6.2.0"
    }
  }
}