{
  "stats": {
    "suites": 1,
    "tests": 1,
    "passes": 0,
    "pending": 0,
    "failures": 1,
    "start": "2025-03-18T03:59:02.716Z",
    "end": "2025-03-18T03:59:18.940Z",
    "duration": 16224,
    "testsRegistered": 1,
    "passPercent": 0,
    "pendingPercent": 0,
    "other": 0,
    "hasOther": false,
    "skipped": 0,
    "hasSkipped": false
  },
  "results": [
    {
      "uuid": "3feafc23-3abd-4582-a1eb-6d197de29e5b",
      "title": "",
      "fullFile": "cypress\\e2e\\SinglePDFUpload.cy.js",
      "file": "cypress\\e2e\\SinglePDFUpload.cy.js",
      "beforeHooks": [],
      "afterHooks": [],
      "tests": [],
      "suites": [
        {
          "uuid": "4d5520ac-0d1d-47a0-bb90-015bd7639ec7",
          "title": "Login Test",
          "fullFile": "",
          "file": "",
          "beforeHooks": [],
          "afterHooks": [],
          "tests": [
            {
              "title": "Validating the select Role dropdown/month dropdown",
              "fullTitle": "Login Test Validating the select Role dropdown/month dropdown",
              "timedOut": null,
              "duration": 13792,
              "state": "failed",
              "speed": null,
              "pass": false,
              "fail": true,
              "pending": false,
              "context": "{\n  \"title\": \"cypress-mochawesome-reporter-screenshots\",\n  \"value\": [\n    [\n      \"\\\\SinglePDFUpload.cy.js\\\\Login Test -- Validating the select Role dropdownmonth dropdown (failed).png\"\n    ]\n  ]\n}",
              "code": "const expectedRoles = ['Select', 'Interns', 'Delivery Manager', 'QA architect', 'Performance Tester'];\n_pdfupload.default.validateRoleOptions(expectedRoles);\nconst role = Cypress.env('role'); // Retrieve role correctly\nexpect(role, \"Role should be defined\").to.not.be.undefined;\n_pdfupload.default.selectRole(role);\nconst expectedMonths = ['Select a month', 'January', 'February', 'March', 'April', 'May', 'June', 'July', 'August', 'September', 'October', 'November', 'December'];\n_pdfupload.default.validateMonthOptions(expectedMonths);\nconst month = Cypress.env('month'); // Retrieve month correctly\nexpect(month, \"Month should be defined\").to.not.be.undefined;\n_pdfupload.default.selectMonth(month);\nconst filePath = '\\singlepdf3.pdf';\n// Upload the file\n_pdfupload.default.uploadFile(filePath);\n// Verify the upload success\n_pdfupload.default.verifyUploadSuccess();\n//verifying uploading same file again and verifying the already exists message\n//UploadPage.uploadFile(filePath);\n//UploadPage.verifydublicateupload();\n_pdfupload.default.gotoresumemanagement().click();\n_pdfupload.default.verifycandidate(month, role, filePath);",
              "err": {
                "message": "AssertionError: Timed out retrying after 5000ms: expected '<div.alert.alert-danger.add_flash_message>' to contain text 'Resume(s) uploaded successfully!', but the text was '\\n                  singlepdf3.pdf already exists !\\n                '",
                "estack": "AssertionError: Timed out retrying after 5000ms: expected '<div.alert.alert-danger.add_flash_message>' to contain text 'Resume(s) uploaded successfully!', but the text was '\\n                  singlepdf3.pdf already exists !\\n                '\n    at UploadPage.verifyUploadSuccess (webpack://cypressautomation/./cypress/support/PageObjectModel/pdfupload.js:52:3)\n    at Context.eval (webpack://cypressautomation/./cypress/e2e/SinglePDFUpload.cy.js:55:14)",
                "diff": "- '\\n                  singlepdf3.pdf already exists !\\n                '\n+ 'Resume(s) uploaded successfully!'\n"
              },
              "uuid": "226d4195-fc2e-46e7-9a99-d1c42401e72a",
              "parentUUID": "4d5520ac-0d1d-47a0-bb90-015bd7639ec7",
              "isHook": false,
              "skipped": false
            }
          ],
          "suites": [],
          "passes": [],
          "failures": [
            "226d4195-fc2e-46e7-9a99-d1c42401e72a"
          ],
          "pending": [],
          "skipped": [],
          "duration": 13792,
          "root": false,
          "rootEmpty": false,
          "_timeout": 2000
        }
      ],
      "passes": [],
      "failures": [],
      "pending": [],
      "skipped": [],
      "duration": 0,
      "root": true,
      "rootEmpty": true,
      "_timeout": 2000
    }
  ],
  "meta": {
    "mocha": {
      "version": "7.0.1"
    },
    "mochawesome": {
      "options": {
        "quiet": false,
        "reportFilename": "mochawesome",
        "saveHtml": true,
        "saveJson": true,
        "consoleReporter": "spec",
        "useInlineDiffs": false,
        "code": true
      },
      "version": "7.1.3"
    },
    "marge": {
      "options": {
        "reportDir": "cypress/report",
        "overwrite": false,
        "html": true,
        "json": true,
        "timestamp": "yyyy-mm-dd_HH-MM-ss"
      },
      "version": "6.2.0"
    }
  }
}