{
  "stats": {
    "suites": 1,
    "tests": 1,
    "passes": 1,
    "pending": 0,
    "failures": 0,
    "start": "2025-03-18T03:58:40.388Z",
    "end": "2025-03-18T03:58:50.519Z",
    "duration": 10131,
    "testsRegistered": 1,
    "passPercent": 100,
    "pendingPercent": 0,
    "other": 0,
    "hasOther": false,
    "skipped": 0,
    "hasSkipped": false
  },
  "results": [
    {
      "uuid": "fd111ac5-88f1-4213-a251-60a80b66fd9c",
      "title": "",
      "fullFile": "cypress\\e2e\\POMtest.cy.js",
      "file": "cypress\\e2e\\POMtest.cy.js",
      "beforeHooks": [],
      "afterHooks": [],
      "tests": [],
      "suites": [
        {
          "uuid": "710e9045-4715-4952-9dad-93524ef94e79",
          "title": "Login Test",
          "fullFile": "",
          "file": "",
          "beforeHooks": [],
          "afterHooks": [],
          "tests": [
            {
              "title": "should log in successfully and see the dashboard",
              "fullTitle": "Login Test should log in successfully and see the dashboard",
              "timedOut": null,
              "duration": 4125,
              "state": "passed",
              "speed": "fast",
              "pass": true,
              "fail": false,
              "pending": false,
              "context": null,
              "code": "const username = 'student';\nconst password = 'Password123';\nconst welcomemessage = 'Congratulations student. You successfully logged in!';\n//const loginpage = new LoginPage;\n// Log in using the Page Object Model\n// LoginPage(username, password)\n// LoginPage.login();\n_loginpage.default.visit();\n_loginpage.default.enterUsername().type(username);\n_loginpage.default.enterPassword().type(password);\n_loginpage.default.submit().click();\ncy.url().should('eq', 'https://practicetestautomation.com/logged-in-successfully/');\n// After login, verify that the dashboard page loads with the correct welcome message\n_dashboardpage.default.getWelcomeMessage().should('contain.text', welcomemessage);",
              "err": {},
              "uuid": "de15dd97-1409-4cd5-babd-2ffe818e51b3",
              "parentUUID": "710e9045-4715-4952-9dad-93524ef94e79",
              "isHook": false,
              "skipped": false
            }
          ],
          "suites": [],
          "passes": [
            "de15dd97-1409-4cd5-babd-2ffe818e51b3"
          ],
          "failures": [],
          "pending": [],
          "skipped": [],
          "duration": 4125,
          "root": false,
          "rootEmpty": false,
          "_timeout": 2000
        }
      ],
      "passes": [],
      "failures": [],
      "pending": [],
      "skipped": [],
      "duration": 0,
      "root": true,
      "rootEmpty": true,
      "_timeout": 2000
    }
  ],
  "meta": {
    "mocha": {
      "version": "7.0.1"
    },
    "mochawesome": {
      "options": {
        "quiet": false,
        "reportFilename": "mochawesome",
        "saveHtml": true,
        "saveJson": true,
        "consoleReporter": "spec",
        "useInlineDiffs": false,
        "code": true
      },
      "version": "7.1.3"
    },
    "marge": {
      "options": {
        "reportDir": "cypress/report",
        "overwrite": false,
        "html": true,
        "json": true,
        "timestamp": "yyyy-mm-dd_HH-MM-ss"
      },
      "version": "6.2.0"
    }
  }
}