{
  "stats": {
    "suites": 1,
    "tests": 24,
    "passes": 24,
    "pending": 0,
    "failures": 0,
    "start": "2025-03-18T05:23:57.458Z",
    "end": "2025-03-18T05:26:03.183Z",
    "duration": 125725,
    "testsRegistered": 24,
    "passPercent": 100,
    "pendingPercent": 0,
    "other": 0,
    "hasOther": false,
    "skipped": 0,
    "hasSkipped": false
  },
  "results": [
    {
      "uuid": "67e3e9bb-d27a-4286-b9cf-78897010df3c",
      "title": "",
      "fullFile": "cypress\\e2e\\resumemanagementmodule.cy.js",
      "file": "cypress\\e2e\\resumemanagementmodule.cy.js",
      "beforeHooks": [],
      "afterHooks": [],
      "tests": [],
      "suites": [
        {
          "uuid": "55df75fd-b473-4ad5-b3bf-0a5196230371",
          "title": "Resume Management Test",
          "fullFile": "",
          "file": "",
          "beforeHooks": [],
          "afterHooks": [],
          "tests": [
            {
              "title": "Verify user can search candidate name",
              "fullTitle": "Resume Management Test Verify user can search candidate name",
              "timedOut": null,
              "duration": 16475,
              "state": "passed",
              "speed": "slow",
              "pass": true,
              "fail": false,
              "pending": false,
              "context": null,
              "code": "const validsearchname = Cypress.env('validsearchname');\nconst invalidsearchname = Cypress.env('invalidsearchname');\nconst invalidsearchresult = Cypress.env('invalidsearchresult');\n//validating the search with valid  candidate name\n_resumemanage.default.enterSearchTerm(validsearchname);\ncy.wait(2000);\n_resumemanage.default.clickSearchButton();\n_resumemanage.default.validatesearch(validsearchname); // Use built-in assertion\n//validating search with invalid candidate name\n_resumemanage.default.clearSearchInput();\n_resumemanage.default.enterSearchTerm(invalidsearchname);\n_resumemanage.default.clickSearchButton();\n_resumemanage.default.validateinvalidsearch(invalidsearchresult); // Use built-in assertion",
              "err": {},
              "uuid": "0b3fcbea-1689-4b1e-ae9b-5049adfebb8e",
              "parentUUID": "55df75fd-b473-4ad5-b3bf-0a5196230371",
              "isHook": false,
              "skipped": false
            },
            {
              "title": "Verify selecting an option from the Intro Call Status: dropdown",
              "fullTitle": "Resume Management Test Verify selecting an option from the Intro Call Status: dropdown",
              "timedOut": null,
              "duration": 5177,
              "state": "passed",
              "speed": "medium",
              "pass": true,
              "fail": false,
              "pending": false,
              "context": null,
              "code": "const IntrooptionToSelect = Cypress.env('IntrooptionToSelect');\n_resumemanage.default.selectOption(IntrooptionToSelect);\n_resumemanage.default.verifyIntroCallSelectedOption(IntrooptionToSelect);",
              "err": {},
              "uuid": "3ca1ac6a-73e8-43c9-b157-46e5fb3ed446",
              "parentUUID": "55df75fd-b473-4ad5-b3bf-0a5196230371",
              "isHook": false,
              "skipped": false
            },
            {
              "title": "Verify if an option exists in Intro Call Status: dropdown",
              "fullTitle": "Resume Management Test Verify if an option exists in Intro Call Status: dropdown",
              "timedOut": null,
              "duration": 4944,
              "state": "passed",
              "speed": "fast",
              "pass": true,
              "fail": false,
              "pending": false,
              "context": null,
              "code": "const existedOption = Cypress.env('existedOption');\nconst nonexistedoption = Cypress.env('nonexistedoption');\n_resumemanage.default.verifyIntroCallOptionExists(existedOption);\n_resumemanage.default.verifyIntroCallOptionNotExists(nonexistedoption);",
              "err": {},
              "uuid": "eeecc5ea-a798-4900-bcab-3cc0bee82b3c",
              "parentUUID": "55df75fd-b473-4ad5-b3bf-0a5196230371",
              "isHook": false,
              "skipped": false
            },
            {
              "title": "verify all dropdown options in Intro Call Status:",
              "fullTitle": "Resume Management Test verify all dropdown options in Intro Call Status:",
              "timedOut": null,
              "duration": 4876,
              "state": "passed",
              "speed": "fast",
              "pass": true,
              "fail": false,
              "pending": false,
              "context": null,
              "code": "const expectedOptions = Cypress.env('expectedOptions');\n_resumemanage.default.verifyIntroCallAllOptions(Cypress.env('expectedOptions'));",
              "err": {},
              "uuid": "520e6f39-80da-4774-b713-4509dcb8d75c",
              "parentUUID": "55df75fd-b473-4ad5-b3bf-0a5196230371",
              "isHook": false,
              "skipped": false
            },
            {
              "title": "Verify selecting an option from the Interview 1 Status: dropdown",
              "fullTitle": "Resume Management Test Verify selecting an option from the Interview 1 Status: dropdown",
              "timedOut": null,
              "duration": 4613,
              "state": "passed",
              "speed": "fast",
              "pass": true,
              "fail": false,
              "pending": false,
              "context": null,
              "code": "const Interview1optionToSelect = Cypress.env('Interview1optionToSelect');\n_resumemanage.default.selectInterview1Option(Interview1optionToSelect);\n_resumemanage.default.verifyInterview1SelectedOption(Interview1optionToSelect);",
              "err": {},
              "uuid": "027f49d4-a722-4a2e-9210-0d63e2150e1d",
              "parentUUID": "55df75fd-b473-4ad5-b3bf-0a5196230371",
              "isHook": false,
              "skipped": false
            },
            {
              "title": "Verify if an option exists in Interview 1 Status: dropdown",
              "fullTitle": "Resume Management Test Verify if an option exists in Interview 1 Status: dropdown",
              "timedOut": null,
              "duration": 4991,
              "state": "passed",
              "speed": "fast",
              "pass": true,
              "fail": false,
              "pending": false,
              "context": null,
              "code": "const existedOption = Cypress.env('existedOption');\nconst nonexistedoption = Cypress.env('nonexistedoption');\n_resumemanage.default.verifyInterview1OptionExists(existedOption);\n_resumemanage.default.verifyInterview1OptionNotExists(nonexistedoption);",
              "err": {},
              "uuid": "761e03bb-12a1-4a4e-9616-9e1c93136e4f",
              "parentUUID": "55df75fd-b473-4ad5-b3bf-0a5196230371",
              "isHook": false,
              "skipped": false
            },
            {
              "title": "verify all dropdown options in Interview 1 Status:",
              "fullTitle": "Resume Management Test verify all dropdown options in Interview 1 Status:",
              "timedOut": null,
              "duration": 3545,
              "state": "passed",
              "speed": "fast",
              "pass": true,
              "fail": false,
              "pending": false,
              "context": null,
              "code": "const expectedOptions = Cypress.env('expectedOptions');\n_resumemanage.default.verifyInterview1AllOptions(Cypress.env('expectedOptions'));",
              "err": {},
              "uuid": "a6da5ba7-a52a-4edc-a546-5f6ca94193ef",
              "parentUUID": "55df75fd-b473-4ad5-b3bf-0a5196230371",
              "isHook": false,
              "skipped": false
            },
            {
              "title": "Verify selecting an option from the Interview 2 Status: dropdown",
              "fullTitle": "Resume Management Test Verify selecting an option from the Interview 2 Status: dropdown",
              "timedOut": null,
              "duration": 3621,
              "state": "passed",
              "speed": "fast",
              "pass": true,
              "fail": false,
              "pending": false,
              "context": null,
              "code": "const Interview2optionToSelect = Cypress.env('Interview2optionToSelect');\n_resumemanage.default.selectInterview2Option(Interview2optionToSelect);\n_resumemanage.default.verifyInterview2SelectedOption(Interview2optionToSelect);",
              "err": {},
              "uuid": "bb35b32a-c04f-4bf6-9a0f-f48b89865222",
              "parentUUID": "55df75fd-b473-4ad5-b3bf-0a5196230371",
              "isHook": false,
              "skipped": false
            },
            {
              "title": "Verify if an option exists in Interview 2 Status: dropdown",
              "fullTitle": "Resume Management Test Verify if an option exists in Interview 2 Status: dropdown",
              "timedOut": null,
              "duration": 4221,
              "state": "passed",
              "speed": "fast",
              "pass": true,
              "fail": false,
              "pending": false,
              "context": null,
              "code": "const existedOption = Cypress.env('existedOption');\nconst nonexistedoption = Cypress.env('nonexistedoption');\n_resumemanage.default.verifyInterview2OptionExists(existedOption);\n_resumemanage.default.verifyInterview2OptionNotExists(nonexistedoption);",
              "err": {},
              "uuid": "7f316ba3-c8db-4a6b-a5d5-9dc1dfedce15",
              "parentUUID": "55df75fd-b473-4ad5-b3bf-0a5196230371",
              "isHook": false,
              "skipped": false
            },
            {
              "title": "verify all dropdown options in Interview 2 Status:",
              "fullTitle": "Resume Management Test verify all dropdown options in Interview 2 Status:",
              "timedOut": null,
              "duration": 4152,
              "state": "passed",
              "speed": "fast",
              "pass": true,
              "fail": false,
              "pending": false,
              "context": null,
              "code": "const expectedOptions = Cypress.env('expectedOptions');\n_resumemanage.default.verifyInterview2AllOptions(Cypress.env('expectedOptions'));",
              "err": {},
              "uuid": "638ca6b1-3875-4b30-a336-64f480e63dc7",
              "parentUUID": "55df75fd-b473-4ad5-b3bf-0a5196230371",
              "isHook": false,
              "skipped": false
            },
            {
              "title": "Verify selecting an option from the All Round Cleared Status: dropdown",
              "fullTitle": "Resume Management Test Verify selecting an option from the All Round Cleared Status: dropdown",
              "timedOut": null,
              "duration": 5383,
              "state": "passed",
              "speed": "medium",
              "pass": true,
              "fail": false,
              "pending": false,
              "context": null,
              "code": "const AllroundoptionToSelect = Cypress.env('AllroundoptionToSelect');\n_resumemanage.default.selectAllroundOption(AllroundoptionToSelect);\n_resumemanage.default.verifyAllroundSelectedOption(AllroundoptionToSelect);",
              "err": {},
              "uuid": "45f00d63-6eb2-4118-8b63-55760d2aef4d",
              "parentUUID": "55df75fd-b473-4ad5-b3bf-0a5196230371",
              "isHook": false,
              "skipped": false
            },
            {
              "title": "Verify if an option exists in All Round Cleared Status: dropdown",
              "fullTitle": "Resume Management Test Verify if an option exists in All Round Cleared Status: dropdown",
              "timedOut": null,
              "duration": 4900,
              "state": "passed",
              "speed": "fast",
              "pass": true,
              "fail": false,
              "pending": false,
              "context": null,
              "code": "const AllroundexistedOption = Cypress.env('AllroundexistedOption');\nconst Allroundnonexistedoption = Cypress.env('Allroundnonexistedoption');\n_resumemanage.default.verifyAllroundOptionExists(AllroundexistedOption);\n_resumemanage.default.verifyAllroundOptionNotExists(Allroundnonexistedoption);",
              "err": {},
              "uuid": "1e54f44b-4cbb-4936-8e28-5211c2454ea0",
              "parentUUID": "55df75fd-b473-4ad5-b3bf-0a5196230371",
              "isHook": false,
              "skipped": false
            },
            {
              "title": "verify all dropdown options in All Round Cleared Status:",
              "fullTitle": "Resume Management Test verify all dropdown options in All Round Cleared Status:",
              "timedOut": null,
              "duration": 3506,
              "state": "passed",
              "speed": "fast",
              "pass": true,
              "fail": false,
              "pending": false,
              "context": null,
              "code": "const AllroundexpectedOption = Cypress.env('AllroundexpectedOption');\n_resumemanage.default.verifyAllroundAllOptions(AllroundexpectedOption);",
              "err": {},
              "uuid": "559d9058-0093-4df3-bc3b-f17c7e1e573e",
              "parentUUID": "55df75fd-b473-4ad5-b3bf-0a5196230371",
              "isHook": false,
              "skipped": false
            },
            {
              "title": "Verify selecting an option from the Role Status: dropdown",
              "fullTitle": "Resume Management Test Verify selecting an option from the Role Status: dropdown",
              "timedOut": null,
              "duration": 4540,
              "state": "passed",
              "speed": "fast",
              "pass": true,
              "fail": false,
              "pending": false,
              "context": null,
              "code": "const RoleoptionToSelect = Cypress.env('RoleoptionToSelect');\n_resumemanage.default.selectRoleOption(RoleoptionToSelect);\n_resumemanage.default.verifyRoleSelectedOption(RoleoptionToSelect);",
              "err": {},
              "uuid": "c877e932-afcc-46e3-8fb0-b72c8ed84948",
              "parentUUID": "55df75fd-b473-4ad5-b3bf-0a5196230371",
              "isHook": false,
              "skipped": false
            },
            {
              "title": "Verify if an option exists in Role Status: dropdown",
              "fullTitle": "Resume Management Test Verify if an option exists in Role Status: dropdown",
              "timedOut": null,
              "duration": 2552,
              "state": "passed",
              "speed": "fast",
              "pass": true,
              "fail": false,
              "pending": false,
              "context": null,
              "code": "const RoleexistedOption = Cypress.env('RoleexistedOption');\nconst Rolenonexistedoption = Cypress.env('Rolenonexistedoption');\n_resumemanage.default.verifyRoleOptionExists(RoleexistedOption);\n_resumemanage.default.verifyRoleOptionNotExists(Rolenonexistedoption);",
              "err": {},
              "uuid": "aebbbce7-5ef6-4a6f-aebf-7baee16f9739",
              "parentUUID": "55df75fd-b473-4ad5-b3bf-0a5196230371",
              "isHook": false,
              "skipped": false
            },
            {
              "title": "verify all dropdown options in Role Status:",
              "fullTitle": "Resume Management Test verify all dropdown options in Role Status:",
              "timedOut": null,
              "duration": 3344,
              "state": "passed",
              "speed": "fast",
              "pass": true,
              "fail": false,
              "pending": false,
              "context": null,
              "code": "const RoleexpectedOptions = Cypress.env('RoleexpectedOptions');\n_resumemanage.default.verifyRoleAllOptions(RoleexpectedOptions);",
              "err": {},
              "uuid": "abe242ed-2139-4aeb-a677-25f3701711da",
              "parentUUID": "55df75fd-b473-4ad5-b3bf-0a5196230371",
              "isHook": false,
              "skipped": false
            },
            {
              "title": "Verify selecting an option from the Month Status: dropdown",
              "fullTitle": "Resume Management Test Verify selecting an option from the Month Status: dropdown",
              "timedOut": null,
              "duration": 3711,
              "state": "passed",
              "speed": "fast",
              "pass": true,
              "fail": false,
              "pending": false,
              "context": null,
              "code": "const MonthoptionToSelect = Cypress.env('MonthoptionToSelect');\n_resumemanage.default.selectMonthOption(MonthoptionToSelect);\n_resumemanage.default.verifyMonthSelectedOption(MonthoptionToSelect);",
              "err": {},
              "uuid": "4b16a0f4-b425-4046-8bff-7689ce028fac",
              "parentUUID": "55df75fd-b473-4ad5-b3bf-0a5196230371",
              "isHook": false,
              "skipped": false
            },
            {
              "title": "Verify if an option exists in Month Status: dropdown",
              "fullTitle": "Resume Management Test Verify if an option exists in Month Status: dropdown",
              "timedOut": null,
              "duration": 3199,
              "state": "passed",
              "speed": "fast",
              "pass": true,
              "fail": false,
              "pending": false,
              "context": null,
              "code": "const MonthexistedOption = Cypress.env('MonthexistedOption');\nconst Monthnonexistedoption = Cypress.env('Monthnonexistedoption');\n_resumemanage.default.verifyMonthOptionExists(MonthexistedOption);\n_resumemanage.default.verifyMonthOptionNotExists(Monthnonexistedoption);",
              "err": {},
              "uuid": "a1091b1a-be1a-40c9-9bbe-142099174c1e",
              "parentUUID": "55df75fd-b473-4ad5-b3bf-0a5196230371",
              "isHook": false,
              "skipped": false
            },
            {
              "title": "verify all dropdown options in Month Status:",
              "fullTitle": "Resume Management Test verify all dropdown options in Month Status:",
              "timedOut": null,
              "duration": 3178,
              "state": "passed",
              "speed": "fast",
              "pass": true,
              "fail": false,
              "pending": false,
              "context": null,
              "code": "const MonthexpectedOptions = Cypress.env('MonthexpectedOptions');\n_resumemanage.default.verifyMonthAllOptions(MonthexpectedOptions);",
              "err": {},
              "uuid": "87794710-4dbc-4938-b03d-75264114e06d",
              "parentUUID": "55df75fd-b473-4ad5-b3bf-0a5196230371",
              "isHook": false,
              "skipped": false
            },
            {
              "title": "Verify selecting an option from the WEEK Status: dropdown",
              "fullTitle": "Resume Management Test Verify selecting an option from the WEEK Status: dropdown",
              "timedOut": null,
              "duration": 4067,
              "state": "passed",
              "speed": "fast",
              "pass": true,
              "fail": false,
              "pending": false,
              "context": null,
              "code": "const WeekoptionToSelect = Cypress.env('WeekoptionToSelect');\n_resumemanage.default.selectWeekOption(WeekoptionToSelect);\n_resumemanage.default.verifyWeekSelectedOption(WeekoptionToSelect);",
              "err": {},
              "uuid": "31c9057f-a127-49f0-8f96-ee060325f796",
              "parentUUID": "55df75fd-b473-4ad5-b3bf-0a5196230371",
              "isHook": false,
              "skipped": false
            },
            {
              "title": "Verify if an option exists in WEEK Status: dropdown",
              "fullTitle": "Resume Management Test Verify if an option exists in WEEK Status: dropdown",
              "timedOut": null,
              "duration": 3043,
              "state": "passed",
              "speed": "fast",
              "pass": true,
              "fail": false,
              "pending": false,
              "context": null,
              "code": "const WeekexistedOption = Cypress.env('WeekexistedOption');\nconst Weeknonexistedoption = Cypress.env('Weeknonexistedoption');\n_resumemanage.default.verifyWeekOptionExists(WeekexistedOption);\n_resumemanage.default.verifyWeekOptionNotExists(Weeknonexistedoption);",
              "err": {},
              "uuid": "88d68a90-7204-43fb-8d07-fc539a988b6c",
              "parentUUID": "55df75fd-b473-4ad5-b3bf-0a5196230371",
              "isHook": false,
              "skipped": false
            },
            {
              "title": "verify all dropdown options in WEEK Status:",
              "fullTitle": "Resume Management Test verify all dropdown options in WEEK Status:",
              "timedOut": null,
              "duration": 3324,
              "state": "passed",
              "speed": "fast",
              "pass": true,
              "fail": false,
              "pending": false,
              "context": null,
              "code": "const WeekexpectedOptions = Cypress.env('WeekexpectedOptions');\n_resumemanage.default.verifyWeekAllOptions(WeekexpectedOptions);",
              "err": {},
              "uuid": "0cfcbc84-0c77-48fe-96c5-d0dc992f7487",
              "parentUUID": "55df75fd-b473-4ad5-b3bf-0a5196230371",
              "isHook": false,
              "skipped": false
            },
            {
              "title": "Verify view button in the resume management grid",
              "fullTitle": "Resume Management Test Verify view button in the resume management grid",
              "timedOut": null,
              "duration": 6056,
              "state": "passed",
              "speed": "medium",
              "pass": true,
              "fail": false,
              "pending": false,
              "context": null,
              "code": "const viewheadertext = Cypress.env('viewheadertext');\nconst backheader = Cypress.env('backheader');\n_resumemanage.default.getviewbutton().click();\n_resumemanage.default.verifyviewheader(viewheadertext);\n//verify back option\n_resumemanage.default.verifyviewbackbutton();\n_resumemanage.default.clickviewback(backheader);",
              "err": {},
              "uuid": "b58bb182-d22a-472c-9ba4-cb69a93f7c88",
              "parentUUID": "55df75fd-b473-4ad5-b3bf-0a5196230371",
              "isHook": false,
              "skipped": false
            },
            {
              "title": "Verify Edit button in the resume management grid",
              "fullTitle": "Resume Management Test Verify Edit button in the resume management grid",
              "timedOut": null,
              "duration": 8813,
              "state": "passed",
              "speed": "medium",
              "pass": true,
              "fail": false,
              "pending": false,
              "context": null,
              "code": "const successmessage = Cypress.env('successmessage');\nconst backheader = Cypress.env('backheader');\n//verifying the fields in the Update page\n_resumemanage.default.verifyeditfields();\n//veryfying submit button is visible and success message\n_resumemanage.default.verifyeditsubmitbutton();\n_resumemanage.default.validatekeditsubmitbutton(successmessage);\n// verifying back button is visible and after clicking navigation to the resume management page\n_resumemanage.default.clickeditback(backheader);",
              "err": {},
              "uuid": "46eda20d-5783-4ff7-acad-cfd4049d87e5",
              "parentUUID": "55df75fd-b473-4ad5-b3bf-0a5196230371",
              "isHook": false,
              "skipped": false
            }
          ],
          "suites": [],
          "passes": [
            "0b3fcbea-1689-4b1e-ae9b-5049adfebb8e",
            "3ca1ac6a-73e8-43c9-b157-46e5fb3ed446",
            "eeecc5ea-a798-4900-bcab-3cc0bee82b3c",
            "520e6f39-80da-4774-b713-4509dcb8d75c",
            "027f49d4-a722-4a2e-9210-0d63e2150e1d",
            "761e03bb-12a1-4a4e-9616-9e1c93136e4f",
            "a6da5ba7-a52a-4edc-a546-5f6ca94193ef",
            "bb35b32a-c04f-4bf6-9a0f-f48b89865222",
            "7f316ba3-c8db-4a6b-a5d5-9dc1dfedce15",
            "638ca6b1-3875-4b30-a336-64f480e63dc7",
            "45f00d63-6eb2-4118-8b63-55760d2aef4d",
            "1e54f44b-4cbb-4936-8e28-5211c2454ea0",
            "559d9058-0093-4df3-bc3b-f17c7e1e573e",
            "c877e932-afcc-46e3-8fb0-b72c8ed84948",
            "aebbbce7-5ef6-4a6f-aebf-7baee16f9739",
            "abe242ed-2139-4aeb-a677-25f3701711da",
            "4b16a0f4-b425-4046-8bff-7689ce028fac",
            "a1091b1a-be1a-40c9-9bbe-142099174c1e",
            "87794710-4dbc-4938-b03d-75264114e06d",
            "31c9057f-a127-49f0-8f96-ee060325f796",
            "88d68a90-7204-43fb-8d07-fc539a988b6c",
            "0cfcbc84-0c77-48fe-96c5-d0dc992f7487",
            "b58bb182-d22a-472c-9ba4-cb69a93f7c88",
            "46eda20d-5783-4ff7-acad-cfd4049d87e5"
          ],
          "failures": [],
          "pending": [],
          "skipped": [],
          "duration": 116231,
          "root": false,
          "rootEmpty": false,
          "_timeout": 2000
        }
      ],
      "passes": [],
      "failures": [],
      "pending": [],
      "skipped": [],
      "duration": 0,
      "root": true,
      "rootEmpty": true,
      "_timeout": 2000
    }
  ],
  "meta": {
    "mocha": {
      "version": "7.0.1"
    },
    "mochawesome": {
      "options": {
        "quiet": false,
        "reportFilename": "mochawesome",
        "saveHtml": true,
        "saveJson": true,
        "consoleReporter": "spec",
        "useInlineDiffs": false,
        "code": true
      },
      "version": "7.1.3"
    },
    "marge": {
      "options": {
        "reportDir": "cypress/report",
        "overwrite": false,
        "html": true,
        "json": true,
        "timestamp": "yyyy-mm-dd_HH-MM-ss"
      },
      "version": "6.2.0"
    }
  }
}