{
  "stats": {
    "suites": 1,
    "tests": 2,
    "passes": 2,
    "pending": 0,
    "failures": 0,
    "start": "2025-03-18T03:59:53.201Z",
    "end": "2025-03-18T04:00:11.451Z",
    "duration": 18250,
    "testsRegistered": 2,
    "passPercent": 100,
    "pendingPercent": 0,
    "other": 0,
    "hasOther": false,
    "skipped": 0,
    "hasSkipped": false
  },
  "results": [
    {
      "uuid": "8cf0e71a-337c-4e98-bd7d-9ad82702c562",
      "title": "",
      "fullFile": "cypress\\e2e\\resumemanagementmodule.cy.js",
      "file": "cypress\\e2e\\resumemanagementmodule.cy.js",
      "beforeHooks": [],
      "afterHooks": [],
      "tests": [],
      "suites": [
        {
          "uuid": "2412d59d-d9fa-4ea0-8b03-48febfcfea91",
          "title": "Resume Management Test",
          "fullFile": "",
          "file": "",
          "beforeHooks": [],
          "afterHooks": [],
          "tests": [
            {
              "title": "Verify view button in the resume management grid",
              "fullTitle": "Resume Management Test Verify view button in the resume management grid",
              "timedOut": null,
              "duration": 7007,
              "state": "passed",
              "speed": "medium",
              "pass": true,
              "fail": false,
              "pending": false,
              "context": null,
              "code": "const viewheadertext = Cypress.env('viewheadertext');\nconst backheader = Cypress.env('backheader');\n_resumemanage.default.getviewbutton().click();\n_resumemanage.default.verifyviewheader(viewheadertext);\n//verify back option\n_resumemanage.default.verifyviewbackbutton();\n_resumemanage.default.clickviewback(backheader);",
              "err": {},
              "uuid": "a220aad8-8502-4f57-b5f2-c7af4f89da24",
              "parentUUID": "2412d59d-d9fa-4ea0-8b03-48febfcfea91",
              "isHook": false,
              "skipped": false
            },
            {
              "title": "Verify Edit button in the resume management grid",
              "fullTitle": "Resume Management Test Verify Edit button in the resume management grid",
              "timedOut": null,
              "duration": 8633,
              "state": "passed",
              "speed": "medium",
              "pass": true,
              "fail": false,
              "pending": false,
              "context": null,
              "code": "const successmessage = Cypress.env('successmessage');\nconst backheader = Cypress.env('backheader');\n//verifying the fields in the Update page\n_resumemanage.default.verifyeditfields();\n//veryfying submit button is visible and success message\n_resumemanage.default.verifyeditsubmitbutton();\n_resumemanage.default.validatekeditsubmitbutton(successmessage);\n// verifying back button is visible and after clicking navigation to the resume management page\n_resumemanage.default.clickeditback(backheader);",
              "err": {},
              "uuid": "74aee947-69d0-4e0f-a483-1092450ca6b3",
              "parentUUID": "2412d59d-d9fa-4ea0-8b03-48febfcfea91",
              "isHook": false,
              "skipped": false
            }
          ],
          "suites": [],
          "passes": [
            "a220aad8-8502-4f57-b5f2-c7af4f89da24",
            "74aee947-69d0-4e0f-a483-1092450ca6b3"
          ],
          "failures": [],
          "pending": [],
          "skipped": [],
          "duration": 15640,
          "root": false,
          "rootEmpty": false,
          "_timeout": 2000
        }
      ],
      "passes": [],
      "failures": [],
      "pending": [],
      "skipped": [],
      "duration": 0,
      "root": true,
      "rootEmpty": true,
      "_timeout": 2000
    }
  ],
  "meta": {
    "mocha": {
      "version": "7.0.1"
    },
    "mochawesome": {
      "options": {
        "quiet": false,
        "reportFilename": "mochawesome",
        "saveHtml": true,
        "saveJson": true,
        "consoleReporter": "spec",
        "useInlineDiffs": false,
        "code": true
      },
      "version": "7.1.3"
    },
    "marge": {
      "options": {
        "reportDir": "cypress/report",
        "overwrite": false,
        "html": true,
        "json": true,
        "timestamp": "yyyy-mm-dd_HH-MM-ss"
      },
      "version": "6.2.0"
    }
  }
}